23-9-2023 01:24:41 - verbose: Arguments:
23-9-2023 01:24:41 - verbose:   C:\ProgramData\cocos\editors\Creator\3.7.3\CocosCreator.exe: true
23-9-2023 01:24:41 - verbose:   project: D:\PROJECT\stackground
23-9-2023 01:24:41 - verbose:   dev: false
23-9-2023 01:24:41 - verbose:   home: C:\Users\BNA\.CocosCreator
23-9-2023 01:24:41 - verbose:  
23-9-2023 01:24:46 - verbose: [Package] menu@1.0.0 enable
23-9-2023 01:24:46 - verbose: [Package] profile@1.0.0 enable
23-9-2023 01:24:46 - verbose: [Package] project@1.0.4 enable
23-9-2023 01:24:46 - verbose: [Package] messages@1.0.0 enable
23-9-2023 01:24:46 - verbose: [Package] program@1.0.3 enable
23-9-2023 01:24:46 - verbose: [Package] tester@1.0.0 enable
23-9-2023 01:24:46 - verbose: [Package] information@1.0.0 enable
23-9-2023 01:24:46 - verbose: [Package] preferences@1.0.0 enable
23-9-2023 01:24:49 - log: Load engine in C:\ProgramData\cocos\editors\Creator\3.7.3\resources\resources\3d\engine
23-9-2023 01:24:50 - log: Register native engine in C:\ProgramData\cocos\editors\Creator\3.7.3\resources\resources\3d\engine\native
23-9-2023 01:24:50 - verbose: [Package] engine@1.0.7 enable
23-9-2023 01:24:51 - verbose: [Package] programming@1.0.0 enable
23-9-2023 01:24:51 - verbose: [Package] device@1.0.1 enable
23-9-2023 01:24:51 - verbose: [Package] ui-kit@1.0.1 enable
23-9-2023 01:24:51 - verbose: [Package] asset-db@1.0.0 enable
23-9-2023 01:24:51 - verbose: [Package] scene@1.0.0 enable
23-9-2023 01:24:52 - verbose: [Package] server@1.0.0 enable
23-9-2023 01:24:52 - verbose: [Package] utils@1.0.0 enable
23-9-2023 01:25:14 - verbose: [Package] preview@1.0.1 enable
23-9-2023 01:25:14 - verbose: [Package] animator@1.0.0 enable
23-9-2023 01:25:14 - verbose: [Build-plugin] register pkg scene: 2ms
23-9-2023 01:25:14 - verbose: Builder PluginManager init: 2ms
23-9-2023 01:25:14 - verbose: [Package] builder@1.3.5 enable
23-9-2023 01:25:14 - verbose: [Package] shortcuts@1.0.1 enable
23-9-2023 01:25:14 - verbose: [Package] animation-graph@1.0.0 enable
23-9-2023 01:25:14 - verbose: [Package] about@1.0.2 enable
23-9-2023 01:25:14 - verbose: [Package] assets@1.0.0 enable
23-9-2023 01:25:14 - verbose: [Package] console@1.0.0 enable
23-9-2023 01:25:15 - verbose: [Package] crash-reporter@1.0.0 enable
23-9-2023 01:25:15 - verbose: [Package] extension@3.1.1 enable
23-9-2023 01:25:15 - verbose: [Package] hierarchy@1.0.0 enable
23-9-2023 01:25:15 - verbose: [Package] inspector@1.0.0 enable
23-9-2023 01:25:15 - verbose: [Package] light-probe@1.0.4 enable
23-9-2023 01:25:15 - verbose: [Package] lightmap@1.0.4 enable
23-9-2023 01:25:15 - verbose: [Package] node-library@1.0.1 enable
23-9-2023 01:25:15 - verbose: [Package] package-asset@1.0.1 enable
23-9-2023 01:25:15 - verbose: [Package] process@1.0.0 enable
23-9-2023 01:25:15 - verbose: [Package] reference-image@1.0.0 enable
23-9-2023 01:25:15 - verbose: [Package] reflection-probe@1.0.4 enable
23-9-2023 01:25:15 - verbose: [Package] engine-extends@1.0.0 enable
23-9-2023 01:25:15 - verbose: [Package] alipay-mini-game@1.0.1 enable
23-9-2023 01:25:15 - verbose: [Package] android@1.0.1 enable
23-9-2023 01:25:15 - verbose: [Package] bytedance-mini-game@1.0.2 enable
23-9-2023 01:25:15 - verbose: [Package] certificate@1.0.0 enable
23-9-2023 01:25:15 - verbose: [Package] channel-upload-tools@1.0.0 enable
23-9-2023 01:25:16 - verbose: [Package] fb-instant-games@1.0.0 enable
23-9-2023 01:25:16 - verbose: [Package] huawei-agc@1.0.0 enable
23-9-2023 01:25:16 - verbose: [Package] huawei-quick-game@1.0.1 enable
23-9-2023 01:25:16 - verbose: [Package] ios@1.0.0 enable
23-9-2023 01:25:16 - verbose: [Package] linux@1.0.0 enable
23-9-2023 01:25:16 - verbose: [Package] mac@1.0.0 enable
23-9-2023 01:25:16 - verbose: [Package] native@1.0.2 enable
23-9-2023 01:25:16 - verbose: [Build-plugin] register pkg native: 230ms
23-9-2023 01:25:16 - verbose: [Package] ohos@1.0.0 enable
23-9-2023 01:25:16 - verbose: [Package] cocos-service@3.0.7 enable
23-9-2023 01:25:17 - verbose: [Build-plugin] register pkg cocos-service: 219ms
23-9-2023 01:25:17 - verbose: [Package] open-harmonyos@1.0.0 enable
23-9-2023 01:25:17 - verbose: [Package] oppo-mini-game@1.0.1 enable
23-9-2023 01:25:17 - verbose: [Package] runtime-dev-tools@1.0.0 enable
23-9-2023 01:25:17 - verbose: [Package] taobao-creative-app@1.0.0 enable
23-9-2023 01:25:17 - verbose: [Package] taobao-mini-game@1.0.0 enable
23-9-2023 01:25:17 - verbose: [Package] vivo-mini-game@1.0.1 enable
23-9-2023 01:25:17 - verbose: [Package] web-desktop@1.0.1 enable
23-9-2023 01:25:17 - verbose: [Package] web-mobile@1.0.1 enable
23-9-2023 01:25:17 - verbose: [Package] wechatgame@1.0.2 enable
23-9-2023 01:25:17 - verbose: [Package] wechatprogram@1.0.2 enable
23-9-2023 01:25:17 - verbose: [Package] windows@1.0.1 enable
23-9-2023 01:25:17 - verbose: [Package] xiaomi-quick-game@1.0.1 enable
23-9-2023 01:25:17 - verbose: [Build-plugin] register pkg mac: 1397ms
23-9-2023 01:25:17 - verbose: [Package] im-plugin@3.0.10 enable
23-9-2023 01:25:17 - verbose: [Build-plugin] register pkg android: 2003ms
23-9-2023 01:25:17 - verbose: [Build-plugin] register pkg fb-instant-games: 1857ms
23-9-2023 01:25:17 - verbose: [Build-plugin] register pkg taobao-mini-game: 616ms
23-9-2023 01:25:17 - verbose: [Build-plugin] register pkg oppo-mini-game: 703ms
23-9-2023 01:25:17 - verbose: [Build-plugin] register pkg huawei-agc: 1848ms
23-9-2023 01:25:17 - verbose: [Build-plugin] register pkg bytedance-mini-game: 1957ms
23-9-2023 01:25:17 - verbose: [Build-plugin] register pkg ohos: 1387ms
23-9-2023 01:25:17 - verbose: [Build-plugin] register pkg ios: 1798ms
23-9-2023 01:25:17 - verbose: [Build-plugin] register pkg taobao-creative-app: 674ms
23-9-2023 01:25:17 - verbose: [Build-plugin] register pkg alipay-mini-game: 2082ms
23-9-2023 01:25:17 - verbose: [Build-plugin] register pkg vivo-mini-game: 627ms
23-9-2023 01:25:17 - verbose: [Build-plugin] register pkg web-desktop: 574ms
23-9-2023 01:25:17 - verbose: [Build-plugin] register pkg huawei-quick-game: 1860ms
23-9-2023 01:25:17 - verbose: [Package] placeholder@1.0.0 enable
23-9-2023 01:25:17 - verbose: [Build-plugin] register pkg wechatgame: 523ms
23-9-2023 01:25:17 - verbose: [Build-plugin] register pkg web-mobile: 565ms
23-9-2023 01:25:17 - verbose: [Build-plugin] register pkg windows: 475ms
23-9-2023 01:25:18 - verbose: [Build-plugin] register pkg xiaomi-quick-game: 604ms
23-9-2023 01:25:20 - verbose: asset-db is ready!
23-9-2023 01:25:24 - info: [Scene] [Physics][Bullet]: Using asmjs Bullet libs.
23-9-2023 01:25:24 - info: [Scene] [PHYSICS]: using builtin.
23-9-2023 01:25:24 - log: [Scene] Cocos Creator v3.7.3
23-9-2023 01:25:24 - info: [Scene] Forward render pipeline initialized.
23-9-2023 01:25:24 - info: [Scene] [PHYSICS]: switch from builtin to bullet.
23-9-2023 01:25:24 - info: [Scene] [PHYSICS2D]: switch from builtin to box2d.
23-9-2023 01:25:52 - error: [Browser Preview]Cannot read properties of null (reading 'duration')/nTypeError: Cannot read properties of null (reading 'duration')
    at AudioPlayerWeb._startSourceNode (http://localhost:7456/scripting/engine/bin/.cache/dev/preview/bundled/index.js:285413:81)
    at _this8._runningCallback (http://localhost:7456/scripting/engine/bin/.cache/dev/preview/bundled/index.js:285364:24)
    at Eventified.emit (http://localhost:7456/scripting/engine/bin/.cache/dev/preview/bundled/index.js:160952:19)
    at AudioContextAgent._context.onstatechange (http://localhost:7456/scripting/engine/bin/.cache/dev/preview/bundled/index.js:284964:34)
23-9-2023 01:43:33 - warn: Metrics: no valid info
