debug: Fri, 22 Sep 2023 18:25:13 GMT
debug: Project: D:\PROJECT\stackground
debug: Targets: editor,preview
debug: Incremental file seems great.
debug: Engine path: C:\ProgramData\cocos\editors\Creator\3.7.3\resources\resources\3d\engine
debug: Initializing target [Editor]
debug: Loading cache
debug: Loading cache costs 5.01659999997355ms.
debug: Engine features shipped in editor: base,gfx-webgl,gfx-webgl2,gfx-empty,3d,animation,skeletal-animation,2d,ui,particle,particle-2d,physics-framework,physics-2d-framework,intersection-2d,primitive,profiler,occlusion-query,geometry-renderer,debug-renderer,audio,video,xr,light-probe,terrain,webview,tween,tiled-map,spine,dragon-bones,marionette,custom-pipeline,websocket,websocket-server
debug: Our import map(foo:/bar): {
  "imports": {
    "cc": "cce:/internal/x/cc"
  }
}
debug: Initializing target [Preview]
debug: Loading cache
debug: Loading cache costs 5.191600000020117ms.
debug: Our import map(foo:/bar): {
  "imports": {
    "cc": "cce:/internal/x/cc"
  }
}
debug: Sync engine features: 2d,3d,animation,audio,base,dragon-bones,gfx-webgl,gfx-webgl2,intersection-2d,light-probe,marionette,particle,particle-2d,physics-2d-box2d,physics-ammo,primitive,profiler,skeletal-animation,spine,terrain,tiled-map,tween,ui,video,websocket,webview
debug: Reset databases. Enumerated domains: [
  {
    "root": "db://internal/",
    "physical": "C:\\ProgramData\\cocos\\editors\\Creator\\3.7.3\\resources\\resources\\3d\\engine\\editor\\assets"
  },
  {
    "root": "db://assets/",
    "physical": "D:\\PROJECT\\stackground\\assets"
  }
]
debug: Our import map(foo:/bar): {
  "imports": {
    "cc": "cce:/internal/x/cc",
    "db://internal/": "file:///C:/ProgramData/cocos/editors/Creator/3.7.3/resources/resources/3d/engine/editor/assets/",
    "db://assets/": "file:///D:/PROJECT/stackground/assets/"
  }
}
debug: Our import map(foo:/bar): {
  "imports": {
    "cc": "cce:/internal/x/cc",
    "db://internal/": "file:///C:/ProgramData/cocos/editors/Creator/3.7.3/resources/resources/3d/engine/editor/assets/",
    "db://assets/": "file:///D:/PROJECT/stackground/assets/"
  }
}
debug: Pulling asset-db.
debug: Fetch asset-db cost: 34.77610000001732ms.
debug: Build iteration starts.
Number of accumulated asset changes: 17
Feature changed: false
debug: Target(editor) build started.
debug: Detected change: cce:/internal/x/cc. Last mtime: Thu Jan 01 1970 07:00:22 GMT+0700 (Indochina Time), Current mtime: Thu Jan 01 1970 07:00:23 GMT+0700 (Indochina Time)
debug: Inspect cce:/internal/x/cc
debug: Resolve cce:/internal/x/cc-fu/base from cce:/internal/x/cc as external dependency cce:/internal/x/cc-fu/base.
debug: Resolve cce:/internal/x/cc-fu/gfx-webgl from cce:/internal/x/cc as external dependency cce:/internal/x/cc-fu/gfx-webgl.
debug: Resolve cce:/internal/x/cc-fu/gfx-webgl2 from cce:/internal/x/cc as external dependency cce:/internal/x/cc-fu/gfx-webgl2.
debug: Resolve cce:/internal/x/cc-fu/gfx-empty from cce:/internal/x/cc as external dependency cce:/internal/x/cc-fu/gfx-empty.
debug: Resolve cce:/internal/x/cc-fu/3d from cce:/internal/x/cc as external dependency cce:/internal/x/cc-fu/3d.
debug: Resolve cce:/internal/x/cc-fu/animation from cce:/internal/x/cc as external dependency cce:/internal/x/cc-fu/animation.
debug: Resolve cce:/internal/x/cc-fu/skeletal-animation from cce:/internal/x/cc as external dependency cce:/internal/x/cc-fu/skeletal-animation.
debug: Resolve cce:/internal/x/cc-fu/2d from cce:/internal/x/cc as external dependency cce:/internal/x/cc-fu/2d.
debug: Resolve cce:/internal/x/cc-fu/sorting from cce:/internal/x/cc as external dependency cce:/internal/x/cc-fu/sorting.
debug: Resolve cce:/internal/x/cc-fu/ui from cce:/internal/x/cc as external dependency cce:/internal/x/cc-fu/ui.
debug: Resolve cce:/internal/x/cc-fu/particle from cce:/internal/x/cc as external dependency cce:/internal/x/cc-fu/particle.
debug: Resolve cce:/internal/x/cc-fu/particle-2d from cce:/internal/x/cc as external dependency cce:/internal/x/cc-fu/particle-2d.
debug: Resolve cce:/internal/x/cc-fu/physics-framework from cce:/internal/x/cc as external dependency cce:/internal/x/cc-fu/physics-framework.
debug: Resolve cce:/internal/x/cc-fu/physics-2d-framework from cce:/internal/x/cc as external dependency cce:/internal/x/cc-fu/physics-2d-framework.
debug: Resolve cce:/internal/x/cc-fu/intersection-2d from cce:/internal/x/cc as external dependency cce:/internal/x/cc-fu/intersection-2d.
debug: Resolve cce:/internal/x/cc-fu/primitive from cce:/internal/x/cc as external dependency cce:/internal/x/cc-fu/primitive.
debug: Resolve cce:/internal/x/cc-fu/profiler from cce:/internal/x/cc as external dependency cce:/internal/x/cc-fu/profiler.
debug: Resolve cce:/internal/x/cc-fu/geometry-renderer from cce:/internal/x/cc as external dependency cce:/internal/x/cc-fu/geometry-renderer.
debug: Resolve cce:/internal/x/cc-fu/audio from cce:/internal/x/cc as external dependency cce:/internal/x/cc-fu/audio.
debug: Resolve cce:/internal/x/cc-fu/video from cce:/internal/x/cc as external dependency cce:/internal/x/cc-fu/video.
debug: Resolve cce:/internal/x/cc-fu/xr from cce:/internal/x/cc as external dependency cce:/internal/x/cc-fu/xr.
debug: Resolve cce:/internal/x/cc-fu/light-probe from cce:/internal/x/cc as external dependency cce:/internal/x/cc-fu/light-probe.
debug: Resolve cce:/internal/x/cc-fu/terrain from cce:/internal/x/cc as external dependency cce:/internal/x/cc-fu/terrain.
debug: Resolve cce:/internal/x/cc-fu/webview from cce:/internal/x/cc as external dependency cce:/internal/x/cc-fu/webview.
debug: Resolve cce:/internal/x/cc-fu/tween from cce:/internal/x/cc as external dependency cce:/internal/x/cc-fu/tween.
debug: Resolve cce:/internal/x/cc-fu/tiled-map from cce:/internal/x/cc as external dependency cce:/internal/x/cc-fu/tiled-map.
debug: Resolve cce:/internal/x/cc-fu/spine from cce:/internal/x/cc as external dependency cce:/internal/x/cc-fu/spine.
debug: Resolve cce:/internal/x/cc-fu/dragon-bones from cce:/internal/x/cc as external dependency cce:/internal/x/cc-fu/dragon-bones.
debug: Resolve cce:/internal/x/cc-fu/custom-pipeline from cce:/internal/x/cc as external dependency cce:/internal/x/cc-fu/custom-pipeline.
debug: Detected change: cce:/internal/x/prerequisite-imports. Last mtime: Thu Jan 01 1970 07:00:30 GMT+0700 (Indochina Time), Current mtime: Thu Jan 01 1970 07:00:23 GMT+0700 (Indochina Time)
debug: Inspect cce:/internal/x/prerequisite-imports
debug: Resolve file:///C:/ProgramData/cocos/editors/Creator/3.7.3/resources/resources/3d/engine/editor/assets/tools/debug-view-runtime-control.ts from cce:/internal/x/prerequisite-imports as file:///C:/ProgramData/cocos/editors/Creator/3.7.3/resources/resources/3d/engine/editor/assets/tools/debug-view-runtime-control.ts.
debug: Detected change: file:///C:/ProgramData/cocos/editors/Creator/3.7.3/resources/resources/3d/engine/editor/assets/tools/debug-view-runtime-control.ts. Last mtime: Thu Sep 14 2023 19:10:37 GMT+0700 (Indochina Time)@b2bd1fa7-8d7c-49c5-a158-df29a6d3a594, Current mtime: Fri Sep 22 2023 10:38:39 GMT+0700 (Indochina Time)@b2bd1fa7-8d7c-49c5-a158-df29a6d3a594
debug: Inspect file:///C:/ProgramData/cocos/editors/Creator/3.7.3/resources/resources/3d/engine/editor/assets/tools/debug-view-runtime-control.ts
debug: Resolve cc from file:///C:/ProgramData/cocos/editors/Creator/3.7.3/resources/resources/3d/engine/editor/assets/tools/debug-view-runtime-control.ts as cce:/internal/x/cc.
debug: Resolve cc from file:///C:/ProgramData/cocos/editors/Creator/3.7.3/resources/resources/3d/engine/editor/assets/tools/debug-view-runtime-control.ts as cce:/internal/x/cc.
debug: Resolve cc from file:///C:/ProgramData/cocos/editors/Creator/3.7.3/resources/resources/3d/engine/editor/assets/tools/debug-view-runtime-control.ts as cce:/internal/x/cc.
debug: Resolve file:///D:/PROJECT/stackground/assets/Scripts/Extention/AudioController.ts from cce:/internal/x/prerequisite-imports as file:///D:/PROJECT/stackground/assets/Scripts/Extention/AudioController.ts.
debug: Resolve cce:/internal/code-quality/cr.mjs from file:///D:/PROJECT/stackground/assets/Scripts/Extention/AudioController.ts as cce:/internal/code-quality/cr.mjs.
debug: Detected change: cce:/internal/code-quality/cr.mjs. Last mtime: Thu Sep 14 2023 19:17:50 GMT+0700 (Indochina Time), Current mtime: Sat Sep 23 2023 01:24:50 GMT+0700 (Indochina Time)
debug: Inspect cce:/internal/code-quality/cr.mjs
debug: Resolve cc from file:///D:/PROJECT/stackground/assets/Scripts/Extention/AudioController.ts as cce:/internal/x/cc.
debug: Resolve cc from file:///D:/PROJECT/stackground/assets/Scripts/Extention/AudioController.ts as cce:/internal/x/cc.
debug: Resolve cc from file:///D:/PROJECT/stackground/assets/Scripts/Extention/AudioController.ts as cce:/internal/x/cc.
debug: Resolve ./Constants from file:///D:/PROJECT/stackground/assets/Scripts/Extention/AudioController.ts as file:///D:/PROJECT/stackground/assets/Scripts/Extention/Constants.ts.
debug: Resolve cc from file:///D:/PROJECT/stackground/assets/Scripts/Extention/Constants.ts as cce:/internal/x/cc.
debug: Resolve ./DataManager from file:///D:/PROJECT/stackground/assets/Scripts/Extention/AudioController.ts as file:///D:/PROJECT/stackground/assets/Scripts/Extention/DataManager.ts.
debug: Resolve cc from file:///D:/PROJECT/stackground/assets/Scripts/Extention/DataManager.ts as cce:/internal/x/cc.
debug: Resolve file:///D:/PROJECT/stackground/assets/Scripts/Extention/BehaviorTree.ts from cce:/internal/x/prerequisite-imports as file:///D:/PROJECT/stackground/assets/Scripts/Extention/BehaviorTree.ts.
debug: Resolve cc from file:///D:/PROJECT/stackground/assets/Scripts/Extention/BehaviorTree.ts as cce:/internal/x/cc.
debug: Resolve cc from file:///D:/PROJECT/stackground/assets/Scripts/Extention/BehaviorTree.ts as cce:/internal/x/cc.
debug: Resolve cc from file:///D:/PROJECT/stackground/assets/Scripts/Extention/BehaviorTree.ts as cce:/internal/x/cc.
debug: Resolve file:///D:/PROJECT/stackground/assets/Scripts/Extention/Constants.ts from cce:/internal/x/prerequisite-imports as file:///D:/PROJECT/stackground/assets/Scripts/Extention/Constants.ts.
debug: Resolve file:///D:/PROJECT/stackground/assets/Scripts/Extention/Continuous.ts from cce:/internal/x/prerequisite-imports as file:///D:/PROJECT/stackground/assets/Scripts/Extention/Continuous.ts.
debug: Resolve cc from file:///D:/PROJECT/stackground/assets/Scripts/Extention/Continuous.ts as cce:/internal/x/cc.
debug: Resolve cc from file:///D:/PROJECT/stackground/assets/Scripts/Extention/Continuous.ts as cce:/internal/x/cc.
debug: Resolve cc from file:///D:/PROJECT/stackground/assets/Scripts/Extention/Continuous.ts as cce:/internal/x/cc.
debug: Resolve file:///D:/PROJECT/stackground/assets/Scripts/Extention/DataManager.ts from cce:/internal/x/prerequisite-imports as file:///D:/PROJECT/stackground/assets/Scripts/Extention/DataManager.ts.
debug: Resolve file:///D:/PROJECT/stackground/assets/Scripts/Extention/DeactiveGround.ts from cce:/internal/x/prerequisite-imports as file:///D:/PROJECT/stackground/assets/Scripts/Extention/DeactiveGround.ts.
debug: Resolve cc from file:///D:/PROJECT/stackground/assets/Scripts/Extention/DeactiveGround.ts as cce:/internal/x/cc.
debug: Resolve cc from file:///D:/PROJECT/stackground/assets/Scripts/Extention/DeactiveGround.ts as cce:/internal/x/cc.
debug: Resolve cc from file:///D:/PROJECT/stackground/assets/Scripts/Extention/DeactiveGround.ts as cce:/internal/x/cc.
debug: Resolve file:///D:/PROJECT/stackground/assets/Scripts/Extention/Extention.ts from cce:/internal/x/prerequisite-imports as file:///D:/PROJECT/stackground/assets/Scripts/Extention/Extention.ts.
debug: Resolve cc from file:///D:/PROJECT/stackground/assets/Scripts/Extention/Extention.ts as cce:/internal/x/cc.
debug: Resolve cc from file:///D:/PROJECT/stackground/assets/Scripts/Extention/Extention.ts as cce:/internal/x/cc.
debug: Resolve cc from file:///D:/PROJECT/stackground/assets/Scripts/Extention/Extention.ts as cce:/internal/x/cc.
debug: Resolve file:///D:/PROJECT/stackground/assets/Scripts/Extention/Joystick.ts from cce:/internal/x/prerequisite-imports as file:///D:/PROJECT/stackground/assets/Scripts/Extention/Joystick.ts.
debug: Resolve cc from file:///D:/PROJECT/stackground/assets/Scripts/Extention/Joystick.ts as cce:/internal/x/cc.
debug: Resolve cc from file:///D:/PROJECT/stackground/assets/Scripts/Extention/Joystick.ts as cce:/internal/x/cc.
debug: Resolve cc from file:///D:/PROJECT/stackground/assets/Scripts/Extention/Joystick.ts as cce:/internal/x/cc.
debug: Resolve file:///D:/PROJECT/stackground/assets/Scripts/Extention/Loading.ts from cce:/internal/x/prerequisite-imports as file:///D:/PROJECT/stackground/assets/Scripts/Extention/Loading.ts.
debug: Resolve cc from file:///D:/PROJECT/stackground/assets/Scripts/Extention/Loading.ts as cce:/internal/x/cc.
debug: Resolve cc from file:///D:/PROJECT/stackground/assets/Scripts/Extention/Loading.ts as cce:/internal/x/cc.
debug: Resolve cc from file:///D:/PROJECT/stackground/assets/Scripts/Extention/Loading.ts as cce:/internal/x/cc.
debug: Resolve file:///D:/PROJECT/stackground/assets/Scripts/Extention/NodeCustom.ts from cce:/internal/x/prerequisite-imports as file:///D:/PROJECT/stackground/assets/Scripts/Extention/NodeCustom.ts.
debug: Resolve cce:/internal/code-quality/cr.mjs from file:///D:/PROJECT/stackground/assets/Scripts/Extention/NodeCustom.ts as cce:/internal/code-quality/cr.mjs.
debug: Resolve cc from file:///D:/PROJECT/stackground/assets/Scripts/Extention/NodeCustom.ts as cce:/internal/x/cc.
debug: Resolve cc from file:///D:/PROJECT/stackground/assets/Scripts/Extention/NodeCustom.ts as cce:/internal/x/cc.
debug: Resolve cc from file:///D:/PROJECT/stackground/assets/Scripts/Extention/NodeCustom.ts as cce:/internal/x/cc.
debug: Resolve ./Extention from file:///D:/PROJECT/stackground/assets/Scripts/Extention/NodeCustom.ts as file:///D:/PROJECT/stackground/assets/Scripts/Extention/Extention.ts.
debug: Resolve file:///D:/PROJECT/stackground/assets/Scripts/Extention/ObjectPool.ts from cce:/internal/x/prerequisite-imports as file:///D:/PROJECT/stackground/assets/Scripts/Extention/ObjectPool.ts.
debug: Resolve cce:/internal/code-quality/cr.mjs from file:///D:/PROJECT/stackground/assets/Scripts/Extention/ObjectPool.ts as cce:/internal/code-quality/cr.mjs.
debug: Resolve cc from file:///D:/PROJECT/stackground/assets/Scripts/Extention/ObjectPool.ts as cce:/internal/x/cc.
debug: Resolve cc from file:///D:/PROJECT/stackground/assets/Scripts/Extention/ObjectPool.ts as cce:/internal/x/cc.
debug: Resolve cc from file:///D:/PROJECT/stackground/assets/Scripts/Extention/ObjectPool.ts as cce:/internal/x/cc.
debug: Resolve ./NodeCustom from file:///D:/PROJECT/stackground/assets/Scripts/Extention/ObjectPool.ts as file:///D:/PROJECT/stackground/assets/Scripts/Extention/NodeCustom.ts.
debug: Resolve file:///D:/PROJECT/stackground/assets/Scripts/Extention/StoreAPI.ts from cce:/internal/x/prerequisite-imports as file:///D:/PROJECT/stackground/assets/Scripts/Extention/StoreAPI.ts.
debug: Resolve cc from file:///D:/PROJECT/stackground/assets/Scripts/Extention/StoreAPI.ts as cce:/internal/x/cc.
debug: Resolve cc from file:///D:/PROJECT/stackground/assets/Scripts/Extention/StoreAPI.ts as cce:/internal/x/cc.
debug: Resolve cc from file:///D:/PROJECT/stackground/assets/Scripts/Extention/StoreAPI.ts as cce:/internal/x/cc.
debug: Resolve file:///D:/PROJECT/stackground/assets/Scripts/Scenes/Main/MainScene.ts from cce:/internal/x/prerequisite-imports as file:///D:/PROJECT/stackground/assets/Scripts/Scenes/Main/MainScene.ts.
debug: Resolve cce:/internal/code-quality/cr.mjs from file:///D:/PROJECT/stackground/assets/Scripts/Scenes/Main/MainScene.ts as cce:/internal/code-quality/cr.mjs.
debug: Resolve cc from file:///D:/PROJECT/stackground/assets/Scripts/Scenes/Main/MainScene.ts as cce:/internal/x/cc.
debug: Resolve cc from file:///D:/PROJECT/stackground/assets/Scripts/Scenes/Main/MainScene.ts as cce:/internal/x/cc.
debug: Resolve cc from file:///D:/PROJECT/stackground/assets/Scripts/Scenes/Main/MainScene.ts as cce:/internal/x/cc.
debug: Resolve ../../Extention/Constants from file:///D:/PROJECT/stackground/assets/Scripts/Scenes/Main/MainScene.ts as file:///D:/PROJECT/stackground/assets/Scripts/Extention/Constants.ts.
debug: Resolve ../../Extention/DataManager from file:///D:/PROJECT/stackground/assets/Scripts/Scenes/Main/MainScene.ts as file:///D:/PROJECT/stackground/assets/Scripts/Extention/DataManager.ts.
debug: Resolve file:///D:/PROJECT/stackground/assets/Scripts/Scenes/Play/Controller.ts from cce:/internal/x/prerequisite-imports as file:///D:/PROJECT/stackground/assets/Scripts/Scenes/Play/Controller.ts.
debug: Resolve cce:/internal/code-quality/cr.mjs from file:///D:/PROJECT/stackground/assets/Scripts/Scenes/Play/Controller.ts as cce:/internal/code-quality/cr.mjs.
debug: Resolve cc from file:///D:/PROJECT/stackground/assets/Scripts/Scenes/Play/Controller.ts as cce:/internal/x/cc.
debug: Resolve cc from file:///D:/PROJECT/stackground/assets/Scripts/Scenes/Play/Controller.ts as cce:/internal/x/cc.
debug: Resolve cc from file:///D:/PROJECT/stackground/assets/Scripts/Scenes/Play/Controller.ts as cce:/internal/x/cc.
debug: Resolve ../../Extention/AudioController from file:///D:/PROJECT/stackground/assets/Scripts/Scenes/Play/Controller.ts as file:///D:/PROJECT/stackground/assets/Scripts/Extention/AudioController.ts.
debug: Resolve ../../Extention/Constants from file:///D:/PROJECT/stackground/assets/Scripts/Scenes/Play/Controller.ts as file:///D:/PROJECT/stackground/assets/Scripts/Extention/Constants.ts.
debug: Resolve ../../Extention/DataManager from file:///D:/PROJECT/stackground/assets/Scripts/Scenes/Play/Controller.ts as file:///D:/PROJECT/stackground/assets/Scripts/Extention/DataManager.ts.
debug: Resolve ../../Extention/NodeCustom from file:///D:/PROJECT/stackground/assets/Scripts/Scenes/Play/Controller.ts as file:///D:/PROJECT/stackground/assets/Scripts/Extention/NodeCustom.ts.
debug: Resolve ../../Extention/ObjectPool from file:///D:/PROJECT/stackground/assets/Scripts/Scenes/Play/Controller.ts as file:///D:/PROJECT/stackground/assets/Scripts/Extention/ObjectPool.ts.
debug: Resolve ./View from file:///D:/PROJECT/stackground/assets/Scripts/Scenes/Play/Controller.ts as file:///D:/PROJECT/stackground/assets/Scripts/Scenes/Play/View.ts.
debug: Resolve cc from file:///D:/PROJECT/stackground/assets/Scripts/Scenes/Play/View.ts as cce:/internal/x/cc.
debug: Resolve cc from file:///D:/PROJECT/stackground/assets/Scripts/Scenes/Play/View.ts as cce:/internal/x/cc.
debug: Resolve cc from file:///D:/PROJECT/stackground/assets/Scripts/Scenes/Play/View.ts as cce:/internal/x/cc.
debug: Resolve file:///D:/PROJECT/stackground/assets/Scripts/Scenes/Play/Ground.ts from cce:/internal/x/prerequisite-imports as file:///D:/PROJECT/stackground/assets/Scripts/Scenes/Play/Ground.ts.
debug: Resolve cc from file:///D:/PROJECT/stackground/assets/Scripts/Scenes/Play/Ground.ts as cce:/internal/x/cc.
debug: Resolve cc from file:///D:/PROJECT/stackground/assets/Scripts/Scenes/Play/Ground.ts as cce:/internal/x/cc.
debug: Resolve cc from file:///D:/PROJECT/stackground/assets/Scripts/Scenes/Play/Ground.ts as cce:/internal/x/cc.
debug: Resolve file:///D:/PROJECT/stackground/assets/Scripts/Scenes/Play/View.ts from cce:/internal/x/prerequisite-imports as file:///D:/PROJECT/stackground/assets/Scripts/Scenes/Play/View.ts.
debug: Target(editor) ends with cost 526.6456999999937ms.
debug: Target(preview) build started.
debug: Detected change: cce:/internal/x/cc. Last mtime: Thu Jan 01 1970 07:00:22 GMT+0700 (Indochina Time), Current mtime: Thu Jan 01 1970 07:00:23 GMT+0700 (Indochina Time)
debug: Inspect cce:/internal/x/cc
debug: Resolve cce:/internal/x/cc-fu/2d from cce:/internal/x/cc as external dependency cce:/internal/x/cc-fu/2d.
debug: Resolve cce:/internal/x/cc-fu/sorting from cce:/internal/x/cc as external dependency cce:/internal/x/cc-fu/sorting.
debug: Resolve cce:/internal/x/cc-fu/3d from cce:/internal/x/cc as external dependency cce:/internal/x/cc-fu/3d.
debug: Resolve cce:/internal/x/cc-fu/animation from cce:/internal/x/cc as external dependency cce:/internal/x/cc-fu/animation.
debug: Resolve cce:/internal/x/cc-fu/audio from cce:/internal/x/cc as external dependency cce:/internal/x/cc-fu/audio.
debug: Resolve cce:/internal/x/cc-fu/base from cce:/internal/x/cc as external dependency cce:/internal/x/cc-fu/base.
debug: Resolve cce:/internal/x/cc-fu/dragon-bones from cce:/internal/x/cc as external dependency cce:/internal/x/cc-fu/dragon-bones.
debug: Resolve cce:/internal/x/cc-fu/gfx-webgl from cce:/internal/x/cc as external dependency cce:/internal/x/cc-fu/gfx-webgl.
debug: Resolve cce:/internal/x/cc-fu/gfx-webgl2 from cce:/internal/x/cc as external dependency cce:/internal/x/cc-fu/gfx-webgl2.
debug: Resolve cce:/internal/x/cc-fu/intersection-2d from cce:/internal/x/cc as external dependency cce:/internal/x/cc-fu/intersection-2d.
debug: Resolve cce:/internal/x/cc-fu/light-probe from cce:/internal/x/cc as external dependency cce:/internal/x/cc-fu/light-probe.
debug: Resolve cce:/internal/x/cc-fu/particle from cce:/internal/x/cc as external dependency cce:/internal/x/cc-fu/particle.
debug: Resolve cce:/internal/x/cc-fu/particle-2d from cce:/internal/x/cc as external dependency cce:/internal/x/cc-fu/particle-2d.
debug: Resolve cce:/internal/x/cc-fu/physics-2d-box2d from cce:/internal/x/cc as external dependency cce:/internal/x/cc-fu/physics-2d-box2d.
debug: Resolve cce:/internal/x/cc-fu/physics-2d-framework from cce:/internal/x/cc as external dependency cce:/internal/x/cc-fu/physics-2d-framework.
debug: Resolve cce:/internal/x/cc-fu/physics-ammo from cce:/internal/x/cc as external dependency cce:/internal/x/cc-fu/physics-ammo.
debug: Resolve cce:/internal/x/cc-fu/physics-framework from cce:/internal/x/cc as external dependency cce:/internal/x/cc-fu/physics-framework.
debug: Resolve cce:/internal/x/cc-fu/wait-for-ammo-instantiation from cce:/internal/x/cc as external dependency cce:/internal/x/cc-fu/wait-for-ammo-instantiation.
debug: Resolve cce:/internal/x/cc-fu/primitive from cce:/internal/x/cc as external dependency cce:/internal/x/cc-fu/primitive.
debug: Resolve cce:/internal/x/cc-fu/profiler from cce:/internal/x/cc as external dependency cce:/internal/x/cc-fu/profiler.
debug: Resolve cce:/internal/x/cc-fu/skeletal-animation from cce:/internal/x/cc as external dependency cce:/internal/x/cc-fu/skeletal-animation.
debug: Resolve cce:/internal/x/cc-fu/spine from cce:/internal/x/cc as external dependency cce:/internal/x/cc-fu/spine.
debug: Resolve cce:/internal/x/cc-fu/terrain from cce:/internal/x/cc as external dependency cce:/internal/x/cc-fu/terrain.
debug: Resolve cce:/internal/x/cc-fu/tiled-map from cce:/internal/x/cc as external dependency cce:/internal/x/cc-fu/tiled-map.
debug: Resolve cce:/internal/x/cc-fu/tween from cce:/internal/x/cc as external dependency cce:/internal/x/cc-fu/tween.
debug: Resolve cce:/internal/x/cc-fu/ui from cce:/internal/x/cc as external dependency cce:/internal/x/cc-fu/ui.
debug: Resolve cce:/internal/x/cc-fu/video from cce:/internal/x/cc as external dependency cce:/internal/x/cc-fu/video.
debug: Resolve cce:/internal/x/cc-fu/webview from cce:/internal/x/cc as external dependency cce:/internal/x/cc-fu/webview.
debug: Detected change: cce:/internal/x/prerequisite-imports. Last mtime: Thu Jan 01 1970 07:00:30 GMT+0700 (Indochina Time), Current mtime: Thu Jan 01 1970 07:00:24 GMT+0700 (Indochina Time)
debug: Inspect cce:/internal/x/prerequisite-imports
debug: Resolve file:///C:/ProgramData/cocos/editors/Creator/3.7.3/resources/resources/3d/engine/editor/assets/tools/debug-view-runtime-control.ts from cce:/internal/x/prerequisite-imports as file:///C:/ProgramData/cocos/editors/Creator/3.7.3/resources/resources/3d/engine/editor/assets/tools/debug-view-runtime-control.ts.
debug: Detected change: file:///C:/ProgramData/cocos/editors/Creator/3.7.3/resources/resources/3d/engine/editor/assets/tools/debug-view-runtime-control.ts. Last mtime: Thu Sep 14 2023 19:10:37 GMT+0700 (Indochina Time)@b2bd1fa7-8d7c-49c5-a158-df29a6d3a594, Current mtime: Fri Sep 22 2023 10:38:39 GMT+0700 (Indochina Time)@b2bd1fa7-8d7c-49c5-a158-df29a6d3a594
debug: Inspect file:///C:/ProgramData/cocos/editors/Creator/3.7.3/resources/resources/3d/engine/editor/assets/tools/debug-view-runtime-control.ts
debug: Resolve cc from file:///C:/ProgramData/cocos/editors/Creator/3.7.3/resources/resources/3d/engine/editor/assets/tools/debug-view-runtime-control.ts as cce:/internal/x/cc.
debug: Resolve cc from file:///C:/ProgramData/cocos/editors/Creator/3.7.3/resources/resources/3d/engine/editor/assets/tools/debug-view-runtime-control.ts as cce:/internal/x/cc.
debug: Resolve cc from file:///C:/ProgramData/cocos/editors/Creator/3.7.3/resources/resources/3d/engine/editor/assets/tools/debug-view-runtime-control.ts as cce:/internal/x/cc.
debug: Resolve file:///D:/PROJECT/stackground/assets/Scripts/Extention/AudioController.ts from cce:/internal/x/prerequisite-imports as file:///D:/PROJECT/stackground/assets/Scripts/Extention/AudioController.ts.
debug: Resolve cce:/internal/code-quality/cr.mjs from file:///D:/PROJECT/stackground/assets/Scripts/Extention/AudioController.ts as cce:/internal/code-quality/cr.mjs.
debug: Detected change: cce:/internal/code-quality/cr.mjs. Last mtime: Thu Sep 14 2023 19:17:50 GMT+0700 (Indochina Time), Current mtime: Sat Sep 23 2023 01:24:50 GMT+0700 (Indochina Time)
debug: Inspect cce:/internal/code-quality/cr.mjs
debug: Resolve cc from file:///D:/PROJECT/stackground/assets/Scripts/Extention/AudioController.ts as cce:/internal/x/cc.
debug: Resolve cc from file:///D:/PROJECT/stackground/assets/Scripts/Extention/AudioController.ts as cce:/internal/x/cc.
debug: Resolve cc from file:///D:/PROJECT/stackground/assets/Scripts/Extention/AudioController.ts as cce:/internal/x/cc.
debug: Resolve ./Constants from file:///D:/PROJECT/stackground/assets/Scripts/Extention/AudioController.ts as file:///D:/PROJECT/stackground/assets/Scripts/Extention/Constants.ts.
debug: Resolve cc from file:///D:/PROJECT/stackground/assets/Scripts/Extention/Constants.ts as cce:/internal/x/cc.
debug: Resolve ./DataManager from file:///D:/PROJECT/stackground/assets/Scripts/Extention/AudioController.ts as file:///D:/PROJECT/stackground/assets/Scripts/Extention/DataManager.ts.
debug: Resolve cc from file:///D:/PROJECT/stackground/assets/Scripts/Extention/DataManager.ts as cce:/internal/x/cc.
debug: Resolve file:///D:/PROJECT/stackground/assets/Scripts/Extention/BehaviorTree.ts from cce:/internal/x/prerequisite-imports as file:///D:/PROJECT/stackground/assets/Scripts/Extention/BehaviorTree.ts.
debug: Resolve cc from file:///D:/PROJECT/stackground/assets/Scripts/Extention/BehaviorTree.ts as cce:/internal/x/cc.
debug: Resolve cc from file:///D:/PROJECT/stackground/assets/Scripts/Extention/BehaviorTree.ts as cce:/internal/x/cc.
debug: Resolve cc from file:///D:/PROJECT/stackground/assets/Scripts/Extention/BehaviorTree.ts as cce:/internal/x/cc.
debug: Resolve file:///D:/PROJECT/stackground/assets/Scripts/Extention/Constants.ts from cce:/internal/x/prerequisite-imports as file:///D:/PROJECT/stackground/assets/Scripts/Extention/Constants.ts.
debug: Resolve file:///D:/PROJECT/stackground/assets/Scripts/Extention/Continuous.ts from cce:/internal/x/prerequisite-imports as file:///D:/PROJECT/stackground/assets/Scripts/Extention/Continuous.ts.
debug: Resolve cc from file:///D:/PROJECT/stackground/assets/Scripts/Extention/Continuous.ts as cce:/internal/x/cc.
debug: Resolve cc from file:///D:/PROJECT/stackground/assets/Scripts/Extention/Continuous.ts as cce:/internal/x/cc.
debug: Resolve cc from file:///D:/PROJECT/stackground/assets/Scripts/Extention/Continuous.ts as cce:/internal/x/cc.
debug: Resolve file:///D:/PROJECT/stackground/assets/Scripts/Extention/DataManager.ts from cce:/internal/x/prerequisite-imports as file:///D:/PROJECT/stackground/assets/Scripts/Extention/DataManager.ts.
debug: Resolve file:///D:/PROJECT/stackground/assets/Scripts/Extention/DeactiveGround.ts from cce:/internal/x/prerequisite-imports as file:///D:/PROJECT/stackground/assets/Scripts/Extention/DeactiveGround.ts.
debug: Resolve cc from file:///D:/PROJECT/stackground/assets/Scripts/Extention/DeactiveGround.ts as cce:/internal/x/cc.
debug: Resolve cc from file:///D:/PROJECT/stackground/assets/Scripts/Extention/DeactiveGround.ts as cce:/internal/x/cc.
debug: Resolve cc from file:///D:/PROJECT/stackground/assets/Scripts/Extention/DeactiveGround.ts as cce:/internal/x/cc.
debug: Resolve file:///D:/PROJECT/stackground/assets/Scripts/Extention/Extention.ts from cce:/internal/x/prerequisite-imports as file:///D:/PROJECT/stackground/assets/Scripts/Extention/Extention.ts.
debug: Resolve cc from file:///D:/PROJECT/stackground/assets/Scripts/Extention/Extention.ts as cce:/internal/x/cc.
debug: Resolve cc from file:///D:/PROJECT/stackground/assets/Scripts/Extention/Extention.ts as cce:/internal/x/cc.
debug: Resolve cc from file:///D:/PROJECT/stackground/assets/Scripts/Extention/Extention.ts as cce:/internal/x/cc.
debug: Resolve file:///D:/PROJECT/stackground/assets/Scripts/Extention/Joystick.ts from cce:/internal/x/prerequisite-imports as file:///D:/PROJECT/stackground/assets/Scripts/Extention/Joystick.ts.
debug: Resolve cc from file:///D:/PROJECT/stackground/assets/Scripts/Extention/Joystick.ts as cce:/internal/x/cc.
debug: Resolve cc from file:///D:/PROJECT/stackground/assets/Scripts/Extention/Joystick.ts as cce:/internal/x/cc.
debug: Resolve cc from file:///D:/PROJECT/stackground/assets/Scripts/Extention/Joystick.ts as cce:/internal/x/cc.
debug: Resolve file:///D:/PROJECT/stackground/assets/Scripts/Extention/Loading.ts from cce:/internal/x/prerequisite-imports as file:///D:/PROJECT/stackground/assets/Scripts/Extention/Loading.ts.
debug: Resolve cc from file:///D:/PROJECT/stackground/assets/Scripts/Extention/Loading.ts as cce:/internal/x/cc.
debug: Resolve cc from file:///D:/PROJECT/stackground/assets/Scripts/Extention/Loading.ts as cce:/internal/x/cc.
debug: Resolve cc from file:///D:/PROJECT/stackground/assets/Scripts/Extention/Loading.ts as cce:/internal/x/cc.
debug: Resolve file:///D:/PROJECT/stackground/assets/Scripts/Extention/NodeCustom.ts from cce:/internal/x/prerequisite-imports as file:///D:/PROJECT/stackground/assets/Scripts/Extention/NodeCustom.ts.
debug: Resolve cce:/internal/code-quality/cr.mjs from file:///D:/PROJECT/stackground/assets/Scripts/Extention/NodeCustom.ts as cce:/internal/code-quality/cr.mjs.
debug: Resolve cc from file:///D:/PROJECT/stackground/assets/Scripts/Extention/NodeCustom.ts as cce:/internal/x/cc.
debug: Resolve cc from file:///D:/PROJECT/stackground/assets/Scripts/Extention/NodeCustom.ts as cce:/internal/x/cc.
debug: Resolve cc from file:///D:/PROJECT/stackground/assets/Scripts/Extention/NodeCustom.ts as cce:/internal/x/cc.
debug: Resolve ./Extention from file:///D:/PROJECT/stackground/assets/Scripts/Extention/NodeCustom.ts as file:///D:/PROJECT/stackground/assets/Scripts/Extention/Extention.ts.
debug: Resolve file:///D:/PROJECT/stackground/assets/Scripts/Extention/ObjectPool.ts from cce:/internal/x/prerequisite-imports as file:///D:/PROJECT/stackground/assets/Scripts/Extention/ObjectPool.ts.
debug: Resolve cce:/internal/code-quality/cr.mjs from file:///D:/PROJECT/stackground/assets/Scripts/Extention/ObjectPool.ts as cce:/internal/code-quality/cr.mjs.
debug: Resolve cc from file:///D:/PROJECT/stackground/assets/Scripts/Extention/ObjectPool.ts as cce:/internal/x/cc.
debug: Resolve cc from file:///D:/PROJECT/stackground/assets/Scripts/Extention/ObjectPool.ts as cce:/internal/x/cc.
debug: Resolve cc from file:///D:/PROJECT/stackground/assets/Scripts/Extention/ObjectPool.ts as cce:/internal/x/cc.
debug: Resolve ./NodeCustom from file:///D:/PROJECT/stackground/assets/Scripts/Extention/ObjectPool.ts as file:///D:/PROJECT/stackground/assets/Scripts/Extention/NodeCustom.ts.
debug: Resolve file:///D:/PROJECT/stackground/assets/Scripts/Extention/StoreAPI.ts from cce:/internal/x/prerequisite-imports as file:///D:/PROJECT/stackground/assets/Scripts/Extention/StoreAPI.ts.
debug: Resolve cc from file:///D:/PROJECT/stackground/assets/Scripts/Extention/StoreAPI.ts as cce:/internal/x/cc.
debug: Resolve cc from file:///D:/PROJECT/stackground/assets/Scripts/Extention/StoreAPI.ts as cce:/internal/x/cc.
debug: Resolve cc from file:///D:/PROJECT/stackground/assets/Scripts/Extention/StoreAPI.ts as cce:/internal/x/cc.
debug: Resolve file:///D:/PROJECT/stackground/assets/Scripts/Scenes/Main/MainScene.ts from cce:/internal/x/prerequisite-imports as file:///D:/PROJECT/stackground/assets/Scripts/Scenes/Main/MainScene.ts.
debug: Resolve cce:/internal/code-quality/cr.mjs from file:///D:/PROJECT/stackground/assets/Scripts/Scenes/Main/MainScene.ts as cce:/internal/code-quality/cr.mjs.
debug: Resolve cc from file:///D:/PROJECT/stackground/assets/Scripts/Scenes/Main/MainScene.ts as cce:/internal/x/cc.
debug: Resolve cc from file:///D:/PROJECT/stackground/assets/Scripts/Scenes/Main/MainScene.ts as cce:/internal/x/cc.
debug: Resolve cc from file:///D:/PROJECT/stackground/assets/Scripts/Scenes/Main/MainScene.ts as cce:/internal/x/cc.
debug: Resolve ../../Extention/Constants from file:///D:/PROJECT/stackground/assets/Scripts/Scenes/Main/MainScene.ts as file:///D:/PROJECT/stackground/assets/Scripts/Extention/Constants.ts.
debug: Resolve ../../Extention/DataManager from file:///D:/PROJECT/stackground/assets/Scripts/Scenes/Main/MainScene.ts as file:///D:/PROJECT/stackground/assets/Scripts/Extention/DataManager.ts.
debug: Resolve file:///D:/PROJECT/stackground/assets/Scripts/Scenes/Play/Controller.ts from cce:/internal/x/prerequisite-imports as file:///D:/PROJECT/stackground/assets/Scripts/Scenes/Play/Controller.ts.
debug: Resolve cce:/internal/code-quality/cr.mjs from file:///D:/PROJECT/stackground/assets/Scripts/Scenes/Play/Controller.ts as cce:/internal/code-quality/cr.mjs.
debug: Resolve cc from file:///D:/PROJECT/stackground/assets/Scripts/Scenes/Play/Controller.ts as cce:/internal/x/cc.
debug: Resolve cc from file:///D:/PROJECT/stackground/assets/Scripts/Scenes/Play/Controller.ts as cce:/internal/x/cc.
debug: Resolve cc from file:///D:/PROJECT/stackground/assets/Scripts/Scenes/Play/Controller.ts as cce:/internal/x/cc.
debug: Resolve ../../Extention/AudioController from file:///D:/PROJECT/stackground/assets/Scripts/Scenes/Play/Controller.ts as file:///D:/PROJECT/stackground/assets/Scripts/Extention/AudioController.ts.
debug: Resolve ../../Extention/Constants from file:///D:/PROJECT/stackground/assets/Scripts/Scenes/Play/Controller.ts as file:///D:/PROJECT/stackground/assets/Scripts/Extention/Constants.ts.
debug: Resolve ../../Extention/DataManager from file:///D:/PROJECT/stackground/assets/Scripts/Scenes/Play/Controller.ts as file:///D:/PROJECT/stackground/assets/Scripts/Extention/DataManager.ts.
debug: Resolve ../../Extention/NodeCustom from file:///D:/PROJECT/stackground/assets/Scripts/Scenes/Play/Controller.ts as file:///D:/PROJECT/stackground/assets/Scripts/Extention/NodeCustom.ts.
debug: Resolve ../../Extention/ObjectPool from file:///D:/PROJECT/stackground/assets/Scripts/Scenes/Play/Controller.ts as file:///D:/PROJECT/stackground/assets/Scripts/Extention/ObjectPool.ts.
debug: Resolve ./View from file:///D:/PROJECT/stackground/assets/Scripts/Scenes/Play/Controller.ts as file:///D:/PROJECT/stackground/assets/Scripts/Scenes/Play/View.ts.
debug: Resolve cc from file:///D:/PROJECT/stackground/assets/Scripts/Scenes/Play/View.ts as cce:/internal/x/cc.
debug: Resolve cc from file:///D:/PROJECT/stackground/assets/Scripts/Scenes/Play/View.ts as cce:/internal/x/cc.
debug: Resolve cc from file:///D:/PROJECT/stackground/assets/Scripts/Scenes/Play/View.ts as cce:/internal/x/cc.
debug: Resolve file:///D:/PROJECT/stackground/assets/Scripts/Scenes/Play/Ground.ts from cce:/internal/x/prerequisite-imports as file:///D:/PROJECT/stackground/assets/Scripts/Scenes/Play/Ground.ts.
debug: Resolve cc from file:///D:/PROJECT/stackground/assets/Scripts/Scenes/Play/Ground.ts as cce:/internal/x/cc.
debug: Resolve cc from file:///D:/PROJECT/stackground/assets/Scripts/Scenes/Play/Ground.ts as cce:/internal/x/cc.
debug: Resolve cc from file:///D:/PROJECT/stackground/assets/Scripts/Scenes/Play/Ground.ts as cce:/internal/x/cc.
debug: Resolve file:///D:/PROJECT/stackground/assets/Scripts/Scenes/Play/View.ts from cce:/internal/x/prerequisite-imports as file:///D:/PROJECT/stackground/assets/Scripts/Scenes/Play/View.ts.
debug: Target(preview) ends with cost 455.42680000001565ms.
debug: Pulling asset-db.
debug: Fetch asset-db cost: 2738.9236000000965ms.
debug: Build iteration starts.
Number of accumulated asset changes: 17
Feature changed: false
debug: Target(editor) build started.
debug: Detected change: cce:/internal/x/prerequisite-imports. Last mtime: Thu Jan 01 1970 07:00:23 GMT+0700 (Indochina Time), Current mtime: Thu Jan 01 1970 07:00:33 GMT+0700 (Indochina Time)
debug: Inspect cce:/internal/x/prerequisite-imports
debug: Resolve file:///C:/ProgramData/cocos/editors/Creator/3.7.3/resources/resources/3d/engine/editor/assets/tools/debug-view-runtime-control.ts from cce:/internal/x/prerequisite-imports as file:///C:/ProgramData/cocos/editors/Creator/3.7.3/resources/resources/3d/engine/editor/assets/tools/debug-view-runtime-control.ts.
debug: Resolve file:///D:/PROJECT/stackground/assets/Scripts/Extention/AudioController.ts from cce:/internal/x/prerequisite-imports as file:///D:/PROJECT/stackground/assets/Scripts/Extention/AudioController.ts.
debug: Resolve file:///D:/PROJECT/stackground/assets/Scripts/Extention/BehaviorTree.ts from cce:/internal/x/prerequisite-imports as file:///D:/PROJECT/stackground/assets/Scripts/Extention/BehaviorTree.ts.
debug: Resolve file:///D:/PROJECT/stackground/assets/Scripts/Extention/Constants.ts from cce:/internal/x/prerequisite-imports as file:///D:/PROJECT/stackground/assets/Scripts/Extention/Constants.ts.
debug: Resolve file:///D:/PROJECT/stackground/assets/Scripts/Extention/Continuous.ts from cce:/internal/x/prerequisite-imports as file:///D:/PROJECT/stackground/assets/Scripts/Extention/Continuous.ts.
debug: Resolve file:///D:/PROJECT/stackground/assets/Scripts/Extention/DataManager.ts from cce:/internal/x/prerequisite-imports as file:///D:/PROJECT/stackground/assets/Scripts/Extention/DataManager.ts.
debug: Resolve file:///D:/PROJECT/stackground/assets/Scripts/Extention/DeactiveGround.ts from cce:/internal/x/prerequisite-imports as file:///D:/PROJECT/stackground/assets/Scripts/Extention/DeactiveGround.ts.
debug: Resolve file:///D:/PROJECT/stackground/assets/Scripts/Extention/Extention.ts from cce:/internal/x/prerequisite-imports as file:///D:/PROJECT/stackground/assets/Scripts/Extention/Extention.ts.
debug: Resolve file:///D:/PROJECT/stackground/assets/Scripts/Extention/Joystick.ts from cce:/internal/x/prerequisite-imports as file:///D:/PROJECT/stackground/assets/Scripts/Extention/Joystick.ts.
debug: Resolve file:///D:/PROJECT/stackground/assets/Scripts/Extention/Loading.ts from cce:/internal/x/prerequisite-imports as file:///D:/PROJECT/stackground/assets/Scripts/Extention/Loading.ts.
debug: Resolve file:///D:/PROJECT/stackground/assets/Scripts/Extention/NodeCustom.ts from cce:/internal/x/prerequisite-imports as file:///D:/PROJECT/stackground/assets/Scripts/Extention/NodeCustom.ts.
debug: Resolve file:///D:/PROJECT/stackground/assets/Scripts/Extention/ObjectPool.ts from cce:/internal/x/prerequisite-imports as file:///D:/PROJECT/stackground/assets/Scripts/Extention/ObjectPool.ts.
debug: Resolve file:///D:/PROJECT/stackground/assets/Scripts/Extention/StoreAPI.ts from cce:/internal/x/prerequisite-imports as file:///D:/PROJECT/stackground/assets/Scripts/Extention/StoreAPI.ts.
debug: Resolve file:///D:/PROJECT/stackground/assets/Scripts/Scenes/Main/MainScene.ts from cce:/internal/x/prerequisite-imports as file:///D:/PROJECT/stackground/assets/Scripts/Scenes/Main/MainScene.ts.
debug: Resolve file:///D:/PROJECT/stackground/assets/Scripts/Scenes/Play/Controller.ts from cce:/internal/x/prerequisite-imports as file:///D:/PROJECT/stackground/assets/Scripts/Scenes/Play/Controller.ts.
debug: Resolve file:///D:/PROJECT/stackground/assets/Scripts/Scenes/Play/Ground.ts from cce:/internal/x/prerequisite-imports as file:///D:/PROJECT/stackground/assets/Scripts/Scenes/Play/Ground.ts.
debug: Resolve file:///D:/PROJECT/stackground/assets/Scripts/Scenes/Play/View.ts from cce:/internal/x/prerequisite-imports as file:///D:/PROJECT/stackground/assets/Scripts/Scenes/Play/View.ts.
debug: Target(editor) ends with cost 107.57640000001993ms.
debug: Target(preview) build started.
debug: Detected change: cce:/internal/x/prerequisite-imports. Last mtime: Thu Jan 01 1970 07:00:24 GMT+0700 (Indochina Time), Current mtime: Thu Jan 01 1970 07:00:33 GMT+0700 (Indochina Time)
debug: Inspect cce:/internal/x/prerequisite-imports
debug: Resolve file:///C:/ProgramData/cocos/editors/Creator/3.7.3/resources/resources/3d/engine/editor/assets/tools/debug-view-runtime-control.ts from cce:/internal/x/prerequisite-imports as file:///C:/ProgramData/cocos/editors/Creator/3.7.3/resources/resources/3d/engine/editor/assets/tools/debug-view-runtime-control.ts.
debug: Resolve file:///D:/PROJECT/stackground/assets/Scripts/Extention/AudioController.ts from cce:/internal/x/prerequisite-imports as file:///D:/PROJECT/stackground/assets/Scripts/Extention/AudioController.ts.
debug: Resolve file:///D:/PROJECT/stackground/assets/Scripts/Extention/BehaviorTree.ts from cce:/internal/x/prerequisite-imports as file:///D:/PROJECT/stackground/assets/Scripts/Extention/BehaviorTree.ts.
debug: Resolve file:///D:/PROJECT/stackground/assets/Scripts/Extention/Constants.ts from cce:/internal/x/prerequisite-imports as file:///D:/PROJECT/stackground/assets/Scripts/Extention/Constants.ts.
debug: Resolve file:///D:/PROJECT/stackground/assets/Scripts/Extention/Continuous.ts from cce:/internal/x/prerequisite-imports as file:///D:/PROJECT/stackground/assets/Scripts/Extention/Continuous.ts.
debug: Resolve file:///D:/PROJECT/stackground/assets/Scripts/Extention/DataManager.ts from cce:/internal/x/prerequisite-imports as file:///D:/PROJECT/stackground/assets/Scripts/Extention/DataManager.ts.
debug: Resolve file:///D:/PROJECT/stackground/assets/Scripts/Extention/DeactiveGround.ts from cce:/internal/x/prerequisite-imports as file:///D:/PROJECT/stackground/assets/Scripts/Extention/DeactiveGround.ts.
debug: Resolve file:///D:/PROJECT/stackground/assets/Scripts/Extention/Extention.ts from cce:/internal/x/prerequisite-imports as file:///D:/PROJECT/stackground/assets/Scripts/Extention/Extention.ts.
debug: Resolve file:///D:/PROJECT/stackground/assets/Scripts/Extention/Joystick.ts from cce:/internal/x/prerequisite-imports as file:///D:/PROJECT/stackground/assets/Scripts/Extention/Joystick.ts.
debug: Resolve file:///D:/PROJECT/stackground/assets/Scripts/Extention/Loading.ts from cce:/internal/x/prerequisite-imports as file:///D:/PROJECT/stackground/assets/Scripts/Extention/Loading.ts.
debug: Resolve file:///D:/PROJECT/stackground/assets/Scripts/Extention/NodeCustom.ts from cce:/internal/x/prerequisite-imports as file:///D:/PROJECT/stackground/assets/Scripts/Extention/NodeCustom.ts.
debug: Resolve file:///D:/PROJECT/stackground/assets/Scripts/Extention/ObjectPool.ts from cce:/internal/x/prerequisite-imports as file:///D:/PROJECT/stackground/assets/Scripts/Extention/ObjectPool.ts.
debug: Resolve file:///D:/PROJECT/stackground/assets/Scripts/Extention/StoreAPI.ts from cce:/internal/x/prerequisite-imports as file:///D:/PROJECT/stackground/assets/Scripts/Extention/StoreAPI.ts.
debug: Resolve file:///D:/PROJECT/stackground/assets/Scripts/Scenes/Main/MainScene.ts from cce:/internal/x/prerequisite-imports as file:///D:/PROJECT/stackground/assets/Scripts/Scenes/Main/MainScene.ts.
debug: Resolve file:///D:/PROJECT/stackground/assets/Scripts/Scenes/Play/Controller.ts from cce:/internal/x/prerequisite-imports as file:///D:/PROJECT/stackground/assets/Scripts/Scenes/Play/Controller.ts.
debug: Resolve file:///D:/PROJECT/stackground/assets/Scripts/Scenes/Play/Ground.ts from cce:/internal/x/prerequisite-imports as file:///D:/PROJECT/stackground/assets/Scripts/Scenes/Play/Ground.ts.
debug: Resolve file:///D:/PROJECT/stackground/assets/Scripts/Scenes/Play/View.ts from cce:/internal/x/prerequisite-imports as file:///D:/PROJECT/stackground/assets/Scripts/Scenes/Play/View.ts.
debug: Target(preview) ends with cost 70.47039999999106ms.
